<?xml version="1.0" encoding="UTF-8"?>
<!-- Generated by org.testng.reporters.JUnitReportReporter -->
<testsuite hostname="DESKTOP-MOUJJKK" name="com.qa.testscripts.ContactPageTest" tests="5" failures="0" timestamp="9 Apr 2020 15:54:42 GMT" time="141.859" errors="0">
  <testcase name="validateAddContact" time="39.427" classname="com.qa.testscripts.ContactPageTest"/>
  <testcase name="verifyContactPageTest" time="17.646" classname="com.qa.testscripts.ContactPageTest"/>
  <testcase name="validateAddContact" time="33.888" classname="com.qa.testscripts.ContactPageTest"/>
  <testcase name="validateAddContact" time="29.383" classname="com.qa.testscripts.ContactPageTest"/>
  <testcase name="clickOnNewLinkTest" time="21.515" classname="com.qa.testscripts.ContactPageTest"/>
</testsuite> <!-- com.qa.testscripts.ContactPageTest -->
