<?xml version="1.0" encoding="UTF-8"?>
<!-- Generated by org.testng.reporters.JUnitReportReporter -->
<testsuite hostname="DESKTOP-MOUJJKK" name="com.qa.testscripts.LoginPageTest" tests="1" failures="0" timestamp="14 Apr 2020 07:51:31 GMT" time="9.825" errors="0">
  <testcase name="LoginPageTest" time="9.825" classname="com.qa.testscripts.LoginPageTest"/>
</testsuite> <!-- com.qa.testscripts.LoginPageTest -->
