<?xml version="1.0" encoding="UTF-8"?>
<!-- Generated by org.testng.reporters.JUnitReportReporter -->
<testsuite hostname="DESKTOP-MOUJJKK" name="com.qa.testscripts.IntroductionTest" tests="1" failures="0" timestamp="14 Apr 2020 07:51:31 GMT" time="8.915" errors="0">
  <testcase name="IntroductionTest" time="8.915" classname="com.qa.testscripts.IntroductionTest"/>
</testsuite> <!-- com.qa.testscripts.IntroductionTest -->
