<?xml version="1.0" encoding="UTF-8"?>
<!-- Generated by org.testng.reporters.JUnitReportReporter -->
<testsuite hostname="DESKTOP-MOUJJKK" name="com.qa.testscripts.HomePageTest" tests="4" failures="0" timestamp="14 Apr 2020 07:51:31 GMT" time="62.122" errors="0">
  <testcase name="verifyLogo" time="12.451" classname="com.qa.testscripts.HomePageTest"/>
  <testcase name="verifyContactslinkTest" time="15.556" classname="com.qa.testscripts.HomePageTest"/>
  <testcase name="verifyCalendarTest" time="16.788" classname="com.qa.testscripts.HomePageTest"/>
  <testcase name="verifyHomePageTest" time="17.327" classname="com.qa.testscripts.HomePageTest"/>
</testsuite> <!-- com.qa.testscripts.HomePageTest -->
