<?xml version="1.0" encoding="UTF-8"?>
<!-- Generated by org.testng.reporters.JUnitReportReporter -->
<testsuite hostname="Surya_Machine" name="com.qa.testscripts.LoginPageTest" tests="1" failures="0" timestamp="27 May 2020 13:59:03 GMT" time="14.541" errors="0">
  <testcase name="verifyLoginPageTest" time="14.541" classname="com.qa.testscripts.LoginPageTest"/>
</testsuite> <!-- com.qa.testscripts.LoginPageTest -->
