<?xml version="1.0" encoding="UTF-8"?>
<!-- Generated by org.testng.reporters.JUnitReportReporter -->
<testsuite hostname="Surya_Machine" name="com.qa.testscripts.IntroductionTest" tests="1" failures="0" timestamp="27 May 2020 13:58:19 GMT" time="16.963" errors="0">
  <testcase name="IntroductionTest" time="16.963" classname="com.qa.testscripts.IntroductionTest"/>
</testsuite> <!-- com.qa.testscripts.IntroductionTest -->
