<?xml version="1.0" encoding="UTF-8"?>
<!-- Generated by org.testng.reporters.JUnitReportReporter -->
<testsuite hostname="Surya_Machine" name="com.qa.testscripts.HomePageTest" tests="4" failures="0" timestamp="16 Apr 2020 05:21:45 GMT" time="75.496" errors="0">
  <testcase name="verifyLogo" time="15.443" classname="com.qa.testscripts.HomePageTest"/>
  <testcase name="verifyContactslinkTest" time="15.808" classname="com.qa.testscripts.HomePageTest"/>
  <testcase name="verifyHomePageTest" time="26.842" classname="com.qa.testscripts.HomePageTest"/>
  <testcase name="verifyCalendarTest" time="17.403" classname="com.qa.testscripts.HomePageTest"/>
</testsuite> <!-- com.qa.testscripts.HomePageTest -->
