<?xml version="1.0" encoding="UTF-8"?>
<!-- Generated by org.testng.reporters.JUnitReportReporter -->
<testsuite hostname="Surya_Machine" name="com.qa.testscripts.LoginPageTest" tests="1" failures="0" timestamp="16 Apr 2020 05:21:45 GMT" time="10.953" errors="0">
  <testcase name="LoginPageTest" time="10.953" classname="com.qa.testscripts.LoginPageTest"/>
</testsuite> <!-- com.qa.testscripts.LoginPageTest -->
