<?xml version="1.0" encoding="UTF-8"?>
<!-- Generated by org.testng.reporters.JUnitReportReporter -->
<testsuite hostname="Surya_Machine" name="com.qa.testscripts.IntroductionTest" tests="1" failures="0" timestamp="16 Apr 2020 05:21:45 GMT" time="8.919" errors="0">
  <testcase name="IntroductionTest" time="8.919" classname="com.qa.testscripts.IntroductionTest"/>
</testsuite> <!-- com.qa.testscripts.IntroductionTest -->
